<?xml version="1.0" encoding="UTF-8"?>
<!-- Generated by org.testng.reporters.JUnitXMLReporter -->
<testsuite ignored="2" hostname="LAKSHMIGANESH" failures="0" tests="1" name="Default test" time="30.658" errors="0" timestamp="2024-07-27T14:33:46 IST">
  <testcase classname="com.ohrm.testcases.Loginpagetest" name="validateLogintest" time="4.764"/>
  <testcase classname="com.ohrm.testcases.Loginpagetest" name="validatetitletest" time="0.0">
    <ignored/>
  </testcase> <!-- validatetitletest -->
  <testcase classname="com.ohrm.testcases.Loginpagetest" name="validateloginmultipledata" time="0.0">
    <ignored/>
  </testcase> <!-- validateloginmultipledata -->
</testsuite> <!-- Default test -->
