<?xml version="1.0" encoding="UTF-8"?>
<testng-results ignored="2" total="3" passed="1" failed="0" skipped="0">
  <reporter-output>
  </reporter-output>
  <suite started-at="2024-07-27T14:33:15 IST" name="Default suite" finished-at="2024-07-27T14:33:46 IST" duration-ms="30658">
    <groups>
    </groups>
    <test started-at="2024-07-27T14:33:15 IST" name="Default test" finished-at="2024-07-27T14:33:46 IST" duration-ms="30658">
      <class name="com.ohrm.testcases.Loginpagetest">
        <test-method is-config="true" signature="browsersetup()[pri:0, instance:com.ohrm.testcases.Loginpagetest@333291e3]" started-at="2024-07-27T14:33:15 IST" name="browsersetup" finished-at="2024-07-27T14:33:41 IST" duration-ms="25573" status="PASS">
          <reporter-output>
          </reporter-output>
        </test-method> <!-- browsersetup -->
        <test-method signature="validateLogintest()[pri:0, instance:com.ohrm.testcases.Loginpagetest@333291e3]" started-at="2024-07-27T14:33:41 IST" name="validateLogintest" finished-at="2024-07-27T14:33:45 IST" duration-ms="4764" status="PASS">
          <reporter-output>
          </reporter-output>
        </test-method> <!-- validateLogintest -->
        <test-method is-config="true" signature="closebrowser()[pri:0, instance:com.ohrm.testcases.Loginpagetest@333291e3]" started-at="2024-07-27T14:33:45 IST" name="closebrowser" finished-at="2024-07-27T14:33:46 IST" duration-ms="291" status="PASS">
          <reporter-output>
          </reporter-output>
        </test-method> <!-- closebrowser -->
      </class> <!-- com.ohrm.testcases.Loginpagetest -->
    </test> <!-- Default test -->
  </suite> <!-- Default suite -->
</testng-results>
